[debug] [2019-06-02T20:41:09.571Z] ----------------------------------------------------------------------
[debug] [2019-06-02T20:41:09.581Z] Command:       C:\Program Files\nodejs\node.exe C:\Users\amir\AppData\Roaming\npm\node_modules\firebase-tools\lib\bin\firebase.js deploy
[debug] [2019-06-02T20:41:09.582Z] CLI Version:   6.5.0
[debug] [2019-06-02T20:41:09.582Z] Platform:      win32
[debug] [2019-06-02T20:41:09.582Z] Node Version:  v10.15.3
[debug] [2019-06-02T20:41:09.586Z] Time:          Sun Jun 02 2019 23:41:09 GMT+0300 (GMT+03:00)
[debug] [2019-06-02T20:41:09.587Z] ----------------------------------------------------------------------
[debug] 
[debug] [2019-06-02T20:41:09.755Z] > command requires scopes: ["email","openid","https://www.googleapis.com/auth/cloudplatformprojects.readonly","https://www.googleapis.com/auth/firebase","https://www.googleapis.com/auth/cloud-platform"]
[debug] [2019-06-02T20:41:09.762Z] > authorizing via signed-in user
[debug] [2019-06-02T20:41:09.763Z] [iam] checking project bookkeeping-666 for permissions ["firebase.projects.get","firebasedatabase.instances.update","firebasehosting.sites.update","firebaserules.releases.create","firebaserules.releases.update","firebaserules.rulesets.create"]
[debug] [2019-06-02T20:41:09.773Z] > refreshing access token with scopes: ["email","https://www.googleapis.com/auth/cloud-platform","https://www.googleapis.com/auth/cloudplatformprojects.readonly","https://www.googleapis.com/auth/firebase","openid"]
[debug] [2019-06-02T20:41:09.773Z] >>> HTTP REQUEST POST https://www.googleapis.com/oauth2/v3/token  
 <request body omitted>
[debug] [2019-06-02T20:41:10.185Z] <<< HTTP RESPONSE 200
[debug] [2019-06-02T20:41:10.205Z] >>> HTTP REQUEST POST https://cloudresourcemanager.googleapis.com/v1/projects/bookkeeping-666:testIamPermissions  

[debug] [2019-06-02T20:41:11.374Z] <<< HTTP RESPONSE 200
[debug] [2019-06-02T20:41:11.378Z] >>> HTTP REQUEST GET https://firebase.googleapis.com/v1beta1/projects/bookkeeping-666  
 
[debug] [2019-06-02T20:41:11.713Z] <<< HTTP RESPONSE 200
[info] 
[info] === Deploying to 'bookkeeping-666'...
[info] 
[info] i  deploying database, storage, hosting
[info] i  database: checking rules syntax...
[debug] [2019-06-02T20:41:11.755Z] >>> HTTP REQUEST PUT https://bookkeeping-666.firebaseio.com/.settings/rules.json?dryRun=true  
 {
  /* Visit https://firebase.google.com/docs/database/security to learn more about security rules. */
  "rules": {
    ".read": true,
    ".write": true
  }
}
[debug] [2019-06-02T20:41:12.556Z] <<< HTTP RESPONSE 200
[info] +  database: rules syntax for database bookkeeping-666 is valid
[debug] [2019-06-02T20:41:12.588Z] >>> HTTP REQUEST GET https://appengine.googleapis.com/v1/apps/bookkeeping-666  
 
[debug] [2019-06-02T20:41:20.141Z] <<< HTTP RESPONSE 200
[info] i  storage: checking storage.rules for compilation errors...
[debug] [2019-06-02T20:41:20.147Z] >>> HTTP REQUEST POST https://firebaserules.googleapis.com/v1/projects/bookkeeping-666:test  

[debug] [2019-06-02T20:41:21.279Z] <<< HTTP RESPONSE 200
[info] +  storage: rules file storage.rules compiled successfully
[debug] [2019-06-02T20:41:21.343Z] >>> HTTP REQUEST POST https://firebasehosting.googleapis.com/v1beta1/sites/bookkeeping-666/versions  

[debug] [2019-06-02T20:41:32.474Z] <<< HTTP RESPONSE 503
[debug] [2019-06-02T20:41:32.475Z] <<< HTTP RESPONSE BODY
[error] 
[error] Error: HTTP Error: 503, The service is currently unavailable.
[debug] [2019-06-02T20:41:32.721Z] Error Context: {
  "body": {
    "error": {
      "code": 503,
      "message": "The service is currently unavailable.",
      "status": "UNAVAILABLE"
    }
  },
  "response": {
    "statusCode": 503,
    "body": {
      "error": {
        "code": 503,
        "message": "The service is currently unavailable.",
        "status": "UNAVAILABLE"
      }
    },
    "headers": {
      "vary": "X-Origin, Referer, Origin,Accept-Encoding",
      "content-type": "application/json; charset=UTF-8",
      "date": "Sun, 02 Jun 2019 20:41:34 GMT",
      "server": "ESF",
      "cache-control": "private",
      "x-xss-protection": "0",
      "x-frame-options": "SAMEORIGIN",
      "x-content-type-options": "nosniff",
      "alt-svc": "quic=\":443\"; ma=2592000; v=\"46,44,43,39\"",
      "accept-ranges": "none",
      "transfer-encoding": "chunked"
    },
    "request": {
      "uri": {
        "protocol": "https:",
        "slashes": true,
        "auth": null,
        "host": "firebasehosting.googleapis.com",
        "port": 443,
        "hostname": "firebasehosting.googleapis.com",
        "hash": null,
        "search": null,
        "query": null,
        "pathname": "/v1beta1/sites/bookkeeping-666/versions",
        "path": "/v1beta1/sites/bookkeeping-666/versions",
        "href": "https://firebasehosting.googleapis.com/v1beta1/sites/bookkeeping-666/versions"
      },
      "method": "POST"
    }
  }
}
